ERROR: system: AutoSpawner is already defined in that package
ERROR: system: AutoSpawner is already defined in that package
INFO: Adding command minetweaker
INFO: Adding minetweaker command mfr
INFO: Removing 1 recipes
INFO: Adding recipe for Calculator Assembly
ERROR: ExNihilo.zs:4: Could not resolve <exnihilo : mesh>
ERROR: ExNihilo.zs:5: Could not resolve <exnihilo : mesh>
ERROR: Error executing ExNihilo.zs: null
java.lang.NullPointerException
	at minetweaker.mc1710.recipes.MCRecipeManager.remove(MCRecipeManager.java:94)
	at ExNihilo.__script__(ExNihilo.zs:4)
	at __ZenMain__.run(ExNihilo.zs)
	at minetweaker.runtime.MTTweaker.load(MTTweaker.java:157)
	at minetweaker.MineTweakerImplementationAPI.reload(MineTweakerImplementationAPI.java:624)
	at minetweaker.MineTweakerImplementationAPI.onServerStart(MineTweakerImplementationAPI.java:555)
	at minetweaker.mc1710.MineTweakerMod.onServerAboutToStart(MineTweakerMod.java:166)
	at sun.reflect.NativeMethodAccessorImpl.invoke0(Native Method)
	at sun.reflect.NativeMethodAccessorImpl.invoke(NativeMethodAccessorImpl.java:62)
	at sun.reflect.DelegatingMethodAccessorImpl.invoke(DelegatingMethodAccessorImpl.java:43)
	at java.lang.reflect.Method.invoke(Method.java:497)
	at cpw.mods.fml.common.FMLModContainer.handleModStateEvent(FMLModContainer.java:532)
	at sun.reflect.GeneratedMethodAccessor4.invoke(Unknown Source)
	at sun.reflect.DelegatingMethodAccessorImpl.invoke(DelegatingMethodAccessorImpl.java:43)
	at java.lang.reflect.Method.invoke(Method.java:497)
	at com.google.common.eventbus.EventSubscriber.handleEvent(EventSubscriber.java:74)
	at com.google.common.eventbus.SynchronizedEventSubscriber.handleEvent(SynchronizedEventSubscriber.java:47)
	at com.google.common.eventbus.EventBus.dispatch(EventBus.java:322)
	at com.google.common.eventbus.EventBus.dispatchQueuedEvents(EventBus.java:304)
	at com.google.common.eventbus.EventBus.post(EventBus.java:275)
	at cpw.mods.fml.common.LoadController.sendEventToModContainer(LoadController.java:212)
	at cpw.mods.fml.common.LoadController.propogateStateMessage(LoadController.java:190)
	at sun.reflect.NativeMethodAccessorImpl.invoke0(Native Method)
	at sun.reflect.NativeMethodAccessorImpl.invoke(NativeMethodAccessorImpl.java:62)
	at sun.reflect.DelegatingMethodAccessorImpl.invoke(DelegatingMethodAccessorImpl.java:43)
	at java.lang.reflect.Method.invoke(Method.java:497)
	at com.google.common.eventbus.EventSubscriber.handleEvent(EventSubscriber.java:74)
	at com.google.common.eventbus.SynchronizedEventSubscriber.handleEvent(SynchronizedEventSubscriber.java:47)
	at com.google.common.eventbus.EventBus.dispatch(EventBus.java:322)
	at com.google.common.eventbus.EventBus.dispatchQueuedEvents(EventBus.java:304)
	at com.google.common.eventbus.EventBus.post(EventBus.java:275)
	at cpw.mods.fml.common.LoadController.distributeStateMessage(LoadController.java:119)
	at cpw.mods.fml.common.Loader.serverAboutToStart(Loader.java:834)
	at cpw.mods.fml.common.FMLCommonHandler.handleServerAboutToStart(FMLCommonHandler.java:273)
	at net.minecraft.server.dedicated.DedicatedServer.func_71197_b(DedicatedServer.java:256)
	at net.minecraft.server.MinecraftServer.run(MinecraftServer.java:387)
	at net.minecraft.server.MinecraftServer$2.run(MinecraftServer.java:685)
INFO: Removing 0 recipes
INFO: Removing 0 recipes
INFO: Removing 0 recipes
INFO: Removing 0 recipes
INFO: Removing 0 recipes
INFO: Removing 0 recipes
INFO: Removing 0 recipes
INFO: Removing 0 recipes
INFO: Removing 0 recipes
INFO: Removing 0 recipes
INFO: Removing 0 recipes
INFO: Removing 0 recipes
INFO: Removing 0 recipes
INFO: Removing 0 recipes
INFO: Removing 0 recipes
INFO: Removing 0 recipes
INFO: Removing 0 recipes
INFO: Removing 0 recipes
INFO: Removing 0 recipes
INFO: Adding recipe for Voidstone
ERROR: PlatinumSeedsFix.zs:6: Could not resolve <magicalcrops : magicalcrops_MagicEssence : 4>
ERROR: PlatinumSeedsFix.zs:8: Could not resolve <magicalcrops : magicalcrops_ModMagicSeedsPlatinum>
ERROR: PlatinumSeedsFix.zs:9: Could not resolve <magicalcrops : magicalcrops_ModMagicSeedsPlatinum>
ERROR: PlatinumSeedsFix.zs:10: Could not resolve <magicalcrops : magicalcrops_ModMagicSeedsPlatinum>
ERROR: Error executing PlatinumSeedsFix.zs: null
java.lang.NullPointerException
ERROR: Osmium Seed Script.zs:5: Could not resolve <magicalcrops : magicalcrops_MagicEssence : 3>
ERROR: Osmium Seed Script.zs:6: Could not resolve <magicalcrops : magicalcrops_ModMagicSeedsOsmium>
ERROR: Error executing Osmium Seed Script.zs: stanhebben.zenscript.value.IAny.as(Ljava/lang/Object;)Ljava/lang/Class;
java.lang.NoSuchMethodError: stanhebben.zenscript.value.IAny.as(Ljava/lang/Object;)Ljava/lang/Class;
	at Osmium Seed Script.__script__(Osmium Seed Script.zs:6)
	at __ZenMain__.run(Osmium Seed Script.zs)
	at minetweaker.runtime.MTTweaker.load(MTTweaker.java:157)
	at minetweaker.MineTweakerImplementationAPI.reload(MineTweakerImplementationAPI.java:624)
	at minetweaker.MineTweakerImplementationAPI.onServerStart(MineTweakerImplementationAPI.java:555)
	at minetweaker.mc1710.MineTweakerMod.onServerAboutToStart(MineTweakerMod.java:166)
	at sun.reflect.NativeMethodAccessorImpl.invoke0(Native Method)
	at sun.reflect.NativeMethodAccessorImpl.invoke(NativeMethodAccessorImpl.java:62)
	at sun.reflect.DelegatingMethodAccessorImpl.invoke(DelegatingMethodAccessorImpl.java:43)
	at java.lang.reflect.Method.invoke(Method.java:497)
	at cpw.mods.fml.common.FMLModContainer.handleModStateEvent(FMLModContainer.java:532)
	at sun.reflect.GeneratedMethodAccessor4.invoke(Unknown Source)
	at sun.reflect.DelegatingMethodAccessorImpl.invoke(DelegatingMethodAccessorImpl.java:43)
	at java.lang.reflect.Method.invoke(Method.java:497)
	at com.google.common.eventbus.EventSubscriber.handleEvent(EventSubscriber.java:74)
	at com.google.common.eventbus.SynchronizedEventSubscriber.handleEvent(SynchronizedEventSubscriber.java:47)
	at com.google.common.eventbus.EventBus.dispatch(EventBus.java:322)
	at com.google.common.eventbus.EventBus.dispatchQueuedEvents(EventBus.java:304)
	at com.google.common.eventbus.EventBus.post(EventBus.java:275)
	at cpw.mods.fml.common.LoadController.sendEventToModContainer(LoadController.java:212)
	at cpw.mods.fml.common.LoadController.propogateStateMessage(LoadController.java:190)
	at sun.reflect.NativeMethodAccessorImpl.invoke0(Native Method)
	at sun.reflect.NativeMethodAccessorImpl.invoke(NativeMethodAccessorImpl.java:62)
	at sun.reflect.DelegatingMethodAccessorImpl.invoke(DelegatingMethodAccessorImpl.java:43)
	at java.lang.reflect.Method.invoke(Method.java:497)
	at com.google.common.eventbus.EventSubscriber.handleEvent(EventSubscriber.java:74)
	at com.google.common.eventbus.SynchronizedEventSubscriber.handleEvent(SynchronizedEventSubscriber.java:47)
	at com.google.common.eventbus.EventBus.dispatch(EventBus.java:322)
	at com.google.common.eventbus.EventBus.dispatchQueuedEvents(EventBus.java:304)
	at com.google.common.eventbus.EventBus.post(EventBus.java:275)
	at cpw.mods.fml.common.LoadController.distributeStateMessage(LoadController.java:119)
	at cpw.mods.fml.common.Loader.serverAboutToStart(Loader.java:834)
	at cpw.mods.fml.common.FMLCommonHandler.handleServerAboutToStart(FMLCommonHandler.java:273)
	at net.minecraft.server.dedicated.DedicatedServer.func_71197_b(DedicatedServer.java:256)
	at net.minecraft.server.MinecraftServer.run(MinecraftServer.java:387)
	at net.minecraft.server.MinecraftServer$2.run(MinecraftServer.java:685)
INFO: Removing 1 recipes
INFO: Adding recipe for Chisel
INFO: Removing 1 recipes
INFO: Adding recipe for Iron Frame
ERROR: Error parsing EternityTT.zs:7 -- ; expected
INFO: Removing 1 recipes
INFO: Adding recipe for Iron Bushing Set Set
ERROR: Pam's Fixes.zs:10: Could not resolve <magicalcrops : magicalcrops_CropProduce : 8>
ERROR: Pam's Fixes.zs:11: Could not resolve <magicalcrops : magicalcrops_CropProduce : 8>
ERROR: Pam's Fixes.zs:14: Could not resolve <magicalcrops : magicalcrops_CropProduce : 5>
ERROR: Pam's Fixes.zs:15: Could not resolve <magicalcrops : magicalcrops_CropProduce : 5>
ERROR: Pam's Fixes.zs:16: Could not resolve <magicalcrops : magicalcrops_CropProduce : 5>
ERROR: Pam's Fixes.zs:22: Could not resolve <magicalcrops : magicalcrops_CropProduce : 6>
ERROR: Pam's Fixes.zs:23: Could not resolve <magicalcrops : magicalcrops_CropProduce : 6>
ERROR: Pam's Fixes.zs:26: Could not resolve <magicalcrops : magicalcrops_CropProduce>
ERROR: Pam's Fixes.zs:27: Could not resolve <magicalcrops : magicalcrops_CropProduce>
ERROR: Pam's Fixes.zs:28: Could not resolve <magicalcrops : magicalcrops_CropProduce>
ERROR: Pam's Fixes.zs:34: Could not resolve <magicalcrops : magicalcrops_CropProduce : 1>
ERROR: Pam's Fixes.zs:35: Could not resolve <magicalcrops : magicalcrops_CropProduce : 1>
ERROR: Pam's Fixes.zs:36: Could not resolve <magicalcrops : magicalcrops_CropProduce : 1>
ERROR: Pam's Fixes.zs:42: Could not resolve <magicalcrops : magicalcrops_CropProduce : 7>
ERROR: Pam's Fixes.zs:43: Could not resolve <magicalcrops : magicalcrops_CropProduce : 7>
ERROR: Pam's Fixes.zs:44: Could not resolve <magicalcrops : magicalcrops_CropProduce : 7>
ERROR: Pam's Fixes.zs:47: Could not resolve <magicalcrops : magicalcrops_CropProduce : 4>
ERROR: Pam's Fixes.zs:48: Could not resolve <magicalcrops : magicalcrops_CropProduce : 4>
ERROR: Pam's Fixes.zs:49: Could not resolve <magicalcrops : magicalcrops_CropProduce : 4>
ERROR: Pam's Fixes.zs:50: Could not resolve <magicalcrops : magicalcrops_CropProduce : 4>
ERROR: Pam's Fixes.zs:56: Could not resolve <magicalcrops : magicalcrops_CropProduce : 3>
ERROR: Pam's Fixes.zs:57: Could not resolve <magicalcrops : magicalcrops_CropProduce : 3>
ERROR: Pam's Fixes.zs:58: Could not resolve <magicalcrops : magicalcrops_CropProduce : 3>
ERROR: Pam's Fixes.zs:61: Could not resolve <magicalcrops : magicalcrops_CropProduce : 2>
ERROR: Pam's Fixes.zs:62: Could not resolve <magicalcrops : magicalcrops_CropProduce : 2>
INFO: Removing 3 recipes
INFO: Adding recipe for Skillet
INFO: Adding Raspberry to ore dictionary entry listAllberry
INFO: Adding Raspberry to ore dictionary entry listAllfruit
INFO: Adding Blackberry to ore dictionary entry listAllfruit
INFO: Adding Blackberry to ore dictionary entry listAllberry
INFO: Adding Blueberry to ore dictionary entry listAllfruit
INFO: Adding Blueberry to ore dictionary entry listAllberry
INFO: Adding Grape to ore dictionary entry cropGrapes
INFO: Adding Grape to ore dictionary entry foodGrapes
INFO: Adding minetweaker command tooltips
INFO: Adding minetweaker command entities
INFO: Adding minetweaker command gases
INFO: Adding minetweaker command research
INFO: Adding minetweaker command aspectList
INFO: Adding minetweaker command materials
INFO: Adding minetweaker command lexiconCategories
INFO: Adding minetweaker command lexiconPages
INFO: Adding minetweaker command botaniaBrews
INFO: Adding minetweaker command lexiconKnowledgeTypes
INFO: Adding minetweaker command botaniaOrchid
INFO: Adding minetweaker command chiselGroups
INFO: Adding minetweaker command chiselVariations
